[2025-01-07 23:12:16] local.INFO: Switched to database: eschool_saas_1_ssss  
[2025-01-07 23:12:17] local.INFO: User authenticated successfully. {"user_id":8,"email":"eshashastri80@gmail.com"} 
[2025-01-07 23:12:49] local.INFO: Switched to database: eschool_saas_1_ssss  
[2025-01-07 23:12:50] local.ERROR: Login attempt failed in school database. Email: eshashastri123@gmail.com  
[2025-01-07 23:13:03] local.INFO: Switched to database: eschool_saas_1_ssss  
[2025-01-07 23:13:03] local.INFO: User authenticated successfully. {"user_id":2,"email":"eshashastri123@gmail.com"} 
[2025-01-07 23:25:39] local.INFO: Student created successfully {"student":{"App\\Models\\User":{"id":10,"first_name":"s","last_name":"s","mobile":"8888888889","email":"20250104","gender":"male","image":"http://127.0.0.1:8000/assets/dummy_logo.jpg","dob":"2025-01-01","current_address":"ss","permanent_address":"ss","occupation":null,"status":0,"reset_request":0,"fcm_id":null,"school_id":1,"language":"en","email_verified_at":null,"created_at":"2025-01-07T17:55:34.000000Z","updated_at":"2025-01-07T17:55:34.000000Z","deleted_at":"-000001-11-29T18:06:32.000000Z","full_name":"s s","school_names":"","role":"Student","roles":[{"id":3,"name":"Student","guard_name":"web","school_id":1,"custom_role":0,"editable":0,"created_at":"2025-01-07T16:23:39.000000Z","updated_at":"2025-01-07T16:23:39.000000Z","pivot":{"model_type":"App\\Models\\User","model_id":10,"role_id":3}}]}}} 
[2025-01-08 00:06:08] local.INFO: Switched to database: eschool_saas_1_ssss  
[2025-01-08 00:06:08] local.ERROR: Login attempt failed in school database. Email: 20250101  
[2025-01-08 00:06:35] local.INFO: Switched to database: eschool_saas_1_ssss  
[2025-01-08 00:06:35] local.ERROR: Login attempt failed in school database. Email: 20250101  
[2025-01-08 00:07:00] local.INFO: Switched to database: eschool_saas_1_ssss  
[2025-01-08 00:07:00] local.INFO: User authenticated successfully. {"user_id":3,"email":"eshashastri12@gmail.com"} 
[2025-01-08 00:09:56] local.INFO: Switched to database: eschool_saas_1_ssss  
[2025-01-08 00:09:57] local.INFO: User authenticated successfully. {"user_id":2,"email":"eshashastri123@gmail.com"} 
[2025-01-08 00:15:54] local.INFO: Switched to database: eschool_saas_1_ssss  
[2025-01-08 00:15:55] local.ERROR: Login attempt failed in school database. Email: 20250106  
[2025-01-08 00:19:08] local.INFO: Switched to database: eschool_saas_1_ssss  
[2025-01-08 00:19:08] local.INFO: User authenticated successfully. {"user_id":2,"email":"eshashastri123@gmail.com"} 
[2025-01-08 16:56:36] local.INFO: Switched to database: eschool_saas_1_school  
[2025-01-08 16:56:36] local.INFO: User authenticated successfully. {"user_id":2,"email":"eshashastri123@gmail.com"} 
[2025-01-08 16:57:08] local.INFO: Switched to database: eschool_saas_1_school  
[2025-01-08 16:57:08] local.INFO: User authenticated successfully. {"user_id":2,"email":"eshashastri123@gmail.com"} 
[2025-01-08 16:57:44] local.INFO: Switched to database: eschool_saas_1_school  
[2025-01-08 16:57:44] local.INFO: User authenticated successfully. {"user_id":2,"email":"eshashastri123@gmail.com"} 
[2025-01-08 17:06:13] local.INFO: Switched to database: eschool_saas_2_school  
[2025-01-08 17:06:13] local.INFO: User authenticated successfully. {"user_id":3,"email":"eshashastri12@gmail.com"} 
[2025-01-08 17:12:25] local.INFO: Switched to database: eschool_saas_2_school  
[2025-01-08 17:12:25] local.ERROR: Login attempt failed in school database. Email: esha.shastri@somaiya.edu  
[2025-01-08 17:19:03] local.INFO: Switched to database: eschool_saas_1_school  
[2025-01-08 17:19:03] local.ERROR: Login attempt failed in school database. Email: eshashastri12@gmail.com  
[2025-01-08 17:19:18] local.INFO: Switched to database: eschool_saas_2_school  
[2025-01-08 17:19:18] local.INFO: User authenticated successfully. {"user_id":3,"email":"eshashastri12@gmail.com"} 
[2025-01-08 17:19:53] local.INFO: Switched to database: eschool_saas_2_school  
[2025-01-08 17:19:53] local.INFO: User authenticated successfully. {"user_id":4,"email":"esha.shastri@somaiya.edu"} 
[2025-01-09 17:35:45] local.ERROR: include(C:\xampp\htdocs\school-management (2)\school-management\vendor\composer/../sagar/laravel-wizard-installer/src/Providers/LaravelWizardInstallerProvider.php): Failed to open stream: No such file or directory {"exception":"[object] (ErrorException(code: 0): include(C:\\xampp\\htdocs\\school-management (2)\\school-management\\vendor\\composer/../sagar/laravel-wizard-installer/src/Providers/LaravelWizardInstallerProvider.php): Failed to open stream: No such file or directory at C:\\xampp\\htdocs\\school-management (2)\\school-management\\vendor\\composer\\ClassLoader.php:576)
[stacktrace]
#0 C:\\xampp\\htdocs\\school-management (2)\\school-management\\vendor\\laravel\\framework\\src\\Illuminate\\Foundation\\Bootstrap\\HandleExceptions.php(255): Illuminate\\Foundation\\Bootstrap\\HandleExceptions->handleError(2, 'include(C:\\\\xamp...', 'C:\\\\xampp\\\\htdocs...', 576)
#1 C:\\xampp\\htdocs\\school-management (2)\\school-management\\vendor\\composer\\ClassLoader.php(576): Illuminate\\Foundation\\Bootstrap\\HandleExceptions->Illuminate\\Foundation\\Bootstrap\\{closure}(2, 'include(C:\\\\xamp...', 'C:\\\\xampp\\\\htdocs...', 576)
#2 C:\\xampp\\htdocs\\school-management (2)\\school-management\\vendor\\composer\\ClassLoader.php(576): include('C:\\\\xampp\\\\htdocs...')
#3 C:\\xampp\\htdocs\\school-management (2)\\school-management\\vendor\\composer\\ClassLoader.php(427): Composer\\Autoload\\{closure}('C:\\\\xampp\\\\htdocs...')
#4 C:\\xampp\\htdocs\\school-management (2)\\school-management\\vendor\\laravel\\framework\\src\\Illuminate\\Foundation\\Application.php(851): Composer\\Autoload\\ClassLoader->loadClass('dacoto\\\\LaravelW...')
#5 C:\\xampp\\htdocs\\school-management (2)\\school-management\\vendor\\laravel\\framework\\src\\Illuminate\\Foundation\\Application.php(785): Illuminate\\Foundation\\Application->resolveProvider('dacoto\\\\LaravelW...')
#6 C:\\xampp\\htdocs\\school-management (2)\\school-management\\vendor\\laravel\\framework\\src\\Illuminate\\Foundation\\ProviderRepository.php(75): Illuminate\\Foundation\\Application->register('dacoto\\\\LaravelW...')
#7 C:\\xampp\\htdocs\\school-management (2)\\school-management\\vendor\\laravel\\framework\\src\\Illuminate\\Foundation\\Application.php(765): Illuminate\\Foundation\\ProviderRepository->load(Array)
#8 C:\\xampp\\htdocs\\school-management (2)\\school-management\\vendor\\laravel\\framework\\src\\Illuminate\\Foundation\\Bootstrap\\RegisterProviders.php(17): Illuminate\\Foundation\\Application->registerConfiguredProviders()
#9 C:\\xampp\\htdocs\\school-management (2)\\school-management\\vendor\\laravel\\framework\\src\\Illuminate\\Foundation\\Application.php(263): Illuminate\\Foundation\\Bootstrap\\RegisterProviders->bootstrap(Object(Illuminate\\Foundation\\Application))
#10 C:\\xampp\\htdocs\\school-management (2)\\school-management\\vendor\\laravel\\framework\\src\\Illuminate\\Foundation\\Console\\Kernel.php(447): Illuminate\\Foundation\\Application->bootstrapWith(Array)
#11 C:\\xampp\\htdocs\\school-management (2)\\school-management\\vendor\\laravel\\framework\\src\\Illuminate\\Foundation\\Console\\Kernel.php(199): Illuminate\\Foundation\\Console\\Kernel->bootstrap()
#12 C:\\xampp\\htdocs\\school-management (2)\\school-management\\artisan(35): Illuminate\\Foundation\\Console\\Kernel->handle(Object(Symfony\\Component\\Console\\Input\\ArgvInput), Object(Symfony\\Component\\Console\\Output\\ConsoleOutput))
#13 {main}
"} 
[2025-01-09 17:46:27] local.ERROR: include(C:\xampp\htdocs\school-management\vendor\composer/../sagar/laravel-wizard-installer/src/Providers/LaravelWizardInstallerProvider.php): Failed to open stream: No such file or directory {"exception":"[object] (ErrorException(code: 0): include(C:\\xampp\\htdocs\\school-management\\vendor\\composer/../sagar/laravel-wizard-installer/src/Providers/LaravelWizardInstallerProvider.php): Failed to open stream: No such file or directory at C:\\xampp\\htdocs\\school-management\\vendor\\composer\\ClassLoader.php:576)
[stacktrace]
#0 C:\\xampp\\htdocs\\school-management\\vendor\\laravel\\framework\\src\\Illuminate\\Foundation\\Bootstrap\\HandleExceptions.php(255): Illuminate\\Foundation\\Bootstrap\\HandleExceptions->handleError(2, 'include(C:\\\\xamp...', 'C:\\\\xampp\\\\htdocs...', 576)
#1 C:\\xampp\\htdocs\\school-management\\vendor\\composer\\ClassLoader.php(576): Illuminate\\Foundation\\Bootstrap\\HandleExceptions->Illuminate\\Foundation\\Bootstrap\\{closure}(2, 'include(C:\\\\xamp...', 'C:\\\\xampp\\\\htdocs...', 576)
#2 C:\\xampp\\htdocs\\school-management\\vendor\\composer\\ClassLoader.php(576): include('C:\\\\xampp\\\\htdocs...')
#3 C:\\xampp\\htdocs\\school-management\\vendor\\composer\\ClassLoader.php(427): Composer\\Autoload\\{closure}('C:\\\\xampp\\\\htdocs...')
#4 C:\\xampp\\htdocs\\school-management\\vendor\\laravel\\framework\\src\\Illuminate\\Foundation\\Application.php(851): Composer\\Autoload\\ClassLoader->loadClass('dacoto\\\\LaravelW...')
#5 C:\\xampp\\htdocs\\school-management\\vendor\\laravel\\framework\\src\\Illuminate\\Foundation\\Application.php(785): Illuminate\\Foundation\\Application->resolveProvider('dacoto\\\\LaravelW...')
#6 C:\\xampp\\htdocs\\school-management\\vendor\\laravel\\framework\\src\\Illuminate\\Foundation\\ProviderRepository.php(75): Illuminate\\Foundation\\Application->register('dacoto\\\\LaravelW...')
#7 C:\\xampp\\htdocs\\school-management\\vendor\\laravel\\framework\\src\\Illuminate\\Foundation\\Application.php(765): Illuminate\\Foundation\\ProviderRepository->load(Array)
#8 C:\\xampp\\htdocs\\school-management\\vendor\\laravel\\framework\\src\\Illuminate\\Foundation\\Bootstrap\\RegisterProviders.php(17): Illuminate\\Foundation\\Application->registerConfiguredProviders()
#9 C:\\xampp\\htdocs\\school-management\\vendor\\laravel\\framework\\src\\Illuminate\\Foundation\\Application.php(263): Illuminate\\Foundation\\Bootstrap\\RegisterProviders->bootstrap(Object(Illuminate\\Foundation\\Application))
#10 C:\\xampp\\htdocs\\school-management\\vendor\\laravel\\framework\\src\\Illuminate\\Foundation\\Console\\Kernel.php(447): Illuminate\\Foundation\\Application->bootstrapWith(Array)
#11 C:\\xampp\\htdocs\\school-management\\vendor\\laravel\\framework\\src\\Illuminate\\Foundation\\Console\\Kernel.php(199): Illuminate\\Foundation\\Console\\Kernel->bootstrap()
#12 C:\\xampp\\htdocs\\school-management\\artisan(35): Illuminate\\Foundation\\Console\\Kernel->handle(Object(Symfony\\Component\\Console\\Input\\ArgvInput), Object(Symfony\\Component\\Console\\Output\\ConsoleOutput))
#13 {main}
"} 
